2014-08-22 07:41:52 Error: [Cake\View\Error\MissingViewException] View file "Pages/download_log.ctp" is missing.
Exception Attributes: array (
  'file' => 'Pages/download_log.ctp',
)
Request URL: /pages/download_log
Stack Trace:
#0 /vagrant/www/vendor/cakephp/cakephp/src/View/View.php(416): Cake\View\View->_getViewFileName('download_log')
#1 /vagrant/www/vendor/cakephp/cakephp/src/Controller/Controller.php(578): Cake\View\View->render('download_log', NULL)
#2 /vagrant/www/src/Controller/PagesController.php(62): Cake\Controller\Controller->render('download_log')
#3 [internal function]: App\Controller\PagesController->display('download_log')
#4 /vagrant/www/vendor/cakephp/cakephp/src/Controller/Controller.php(373): ReflectionMethod->invokeArgs(Object(App\Controller\PagesController), Array)
#5 /vagrant/www/vendor/cakephp/cakephp/src/Routing/Dispatcher.php(115): Cake\Controller\Controller->invokeAction()
#6 /vagrant/www/vendor/cakephp/cakephp/src/Routing/Dispatcher.php(87): Cake\Routing\Dispatcher->_invoke(Object(App\Controller\PagesController))
#7 /vagrant/www/webroot/index.php(37): Cake\Routing\Dispatcher->dispatch(Object(Cake\Network\Request), Object(Cake\Network\Response))
#8 {main}


2014-08-22 07:42:09 Error: [Cake\View\Error\MissingViewException] View file "Pages/download_log.ctp" is missing.
Exception Attributes: array (
  'file' => 'Pages/download_log.ctp',
)
Request URL: /pages/download_log
Stack Trace:
#0 /vagrant/www/vendor/cakephp/cakephp/src/View/View.php(416): Cake\View\View->_getViewFileName('download_log')
#1 /vagrant/www/vendor/cakephp/cakephp/src/Controller/Controller.php(578): Cake\View\View->render('download_log', NULL)
#2 /vagrant/www/src/Controller/PagesController.php(62): Cake\Controller\Controller->render('download_log')
#3 [internal function]: App\Controller\PagesController->display('download_log')
#4 /vagrant/www/vendor/cakephp/cakephp/src/Controller/Controller.php(373): ReflectionMethod->invokeArgs(Object(App\Controller\PagesController), Array)
#5 /vagrant/www/vendor/cakephp/cakephp/src/Routing/Dispatcher.php(115): Cake\Controller\Controller->invokeAction()
#6 /vagrant/www/vendor/cakephp/cakephp/src/Routing/Dispatcher.php(87): Cake\Routing\Dispatcher->_invoke(Object(App\Controller\PagesController))
#7 /vagrant/www/webroot/index.php(37): Cake\Routing\Dispatcher->dispatch(Object(Cake\Network\Request), Object(Cake\Network\Response))
#8 {main}


2014-08-22 07:42:56 Error: [Cake\View\Error\MissingViewException] View file "Pages/download_log.ctp" is missing.
Exception Attributes: array (
  'file' => 'Pages/download_log.ctp',
)
Request URL: /pages/download_log
Stack Trace:
#0 /vagrant/www/vendor/cakephp/cakephp/src/View/View.php(416): Cake\View\View->_getViewFileName('download_log')
#1 /vagrant/www/vendor/cakephp/cakephp/src/Controller/Controller.php(578): Cake\View\View->render('download_log', NULL)
#2 /vagrant/www/src/Controller/PagesController.php(64): Cake\Controller\Controller->render('download_log')
#3 [internal function]: App\Controller\PagesController->display('download_log')
#4 /vagrant/www/vendor/cakephp/cakephp/src/Controller/Controller.php(373): ReflectionMethod->invokeArgs(Object(App\Controller\PagesController), Array)
#5 /vagrant/www/vendor/cakephp/cakephp/src/Routing/Dispatcher.php(115): Cake\Controller\Controller->invokeAction()
#6 /vagrant/www/vendor/cakephp/cakephp/src/Routing/Dispatcher.php(87): Cake\Routing\Dispatcher->_invoke(Object(App\Controller\PagesController))
#7 /vagrant/www/webroot/index.php(37): Cake\Routing\Dispatcher->dispatch(Object(Cake\Network\Request), Object(Cake\Network\Response))
#8 {main}


2014-08-22 07:43:03 Error: [Cake\View\Error\MissingViewException] View file "Pages/download_log.ctp" is missing.
Exception Attributes: array (
  'file' => 'Pages/download_log.ctp',
)
Request URL: /pages/downloadLog
Stack Trace:
#0 /vagrant/www/vendor/cakephp/cakephp/src/View/View.php(416): Cake\View\View->_getViewFileName('downloadLog')
#1 /vagrant/www/vendor/cakephp/cakephp/src/Controller/Controller.php(578): Cake\View\View->render('downloadLog', NULL)
#2 /vagrant/www/src/Controller/PagesController.php(64): Cake\Controller\Controller->render('downloadLog')
#3 [internal function]: App\Controller\PagesController->display('downloadLog')
#4 /vagrant/www/vendor/cakephp/cakephp/src/Controller/Controller.php(373): ReflectionMethod->invokeArgs(Object(App\Controller\PagesController), Array)
#5 /vagrant/www/vendor/cakephp/cakephp/src/Routing/Dispatcher.php(115): Cake\Controller\Controller->invokeAction()
#6 /vagrant/www/vendor/cakephp/cakephp/src/Routing/Dispatcher.php(87): Cake\Routing\Dispatcher->_invoke(Object(App\Controller\PagesController))
#7 /vagrant/www/webroot/index.php(37): Cake\Routing\Dispatcher->dispatch(Object(Cake\Network\Request), Object(Cake\Network\Response))
#8 {main}


2014-08-22 08:36:56 Error: [Cake\Controller\Error\MissingControllerException] Controller class Answers could not be found.
Exception Attributes: array (
  'class' => 'Answers',
  'plugin' => NULL,
  'prefix' => NULL,
  '_ext' => NULL,
)
Request URL: /answers
Stack Trace:
#0 /vagrant/www/webroot/index.php(37): Cake\Routing\Dispatcher->dispatch(Object(Cake\Network\Request), Object(Cake\Network\Response))
#1 {main}


